<?xml version="1.0" encoding="UTF-8"?>
<!-- Generated by org.testng.reporters.JUnitXMLReporter -->
<testsuite hostname="OldFaceLee.local" ignored="0" name="Surefire test" tests="4" failures="0" timestamp="07 六月 2020 04:48:39 GMT" time="8.165" errors="0">
  <testcase name="testAjax on testAjax(com.ai.dev.controller.TestcaseControllerTest)" time="6.595" classname="com.ai.dev.controller.TestcaseControllerTest"/>
  <testcase name="addHttpCase on addHttpCase(com.ai.dev.controller.TestcaseControllerTest)" time="7.326" classname="com.ai.dev.controller.TestcaseControllerTest"/>
  <testcase name="runCase on runCase(com.ai.dev.controller.TestcaseControllerTest)" time="7.349" classname="com.ai.dev.controller.TestcaseControllerTest"/>
  <testcase name="test_addTestcase on test_addTestcase(com.ai.dev.service.ITestcaseSvTest)" time="0.025" classname="com.ai.dev.service.ITestcaseSvTest"/>
</testsuite> <!-- Surefire test -->
