<?xml version="1.0" encoding="UTF-8"?>
<testng-results skipped="0" failed="0" ignored="0" total="4" passed="4">
  <reporter-output>
  </reporter-output>
  <suite name="Surefire suite" duration-ms="8165" started-at="2020-06-07T04:48:31Z" finished-at="2020-06-07T04:48:39Z">
    <groups>
    </groups>
    <test name="Surefire test" duration-ms="8165" started-at="2020-06-07T04:48:31Z" finished-at="2020-06-07T04:48:39Z">
      <class name="com.ai.dev.service.ITestcaseSvTest">
        <test-method status="PASS" signature="test_addTestcase()" name="test_addTestcase" duration-ms="25" started-at="2020-06-07T04:48:39Z" finished-at="2020-06-07T04:48:39Z">
          <reporter-output>
          </reporter-output>
        </test-method> <!-- test_addTestcase -->
      </class> <!-- com.ai.dev.service.ITestcaseSvTest -->
      <class name="com.ai.dev.controller.TestcaseControllerTest">
        <test-method status="PASS" signature="addHttpCase()" name="addHttpCase" duration-ms="7326" started-at="2020-06-07T04:48:31Z" finished-at="2020-06-07T04:48:39Z">
          <reporter-output>
          </reporter-output>
        </test-method> <!-- addHttpCase -->
        <test-method status="PASS" signature="testAjax()" name="testAjax" duration-ms="6595" started-at="2020-06-07T04:48:31Z" finished-at="2020-06-07T04:48:38Z">
          <reporter-output>
          </reporter-output>
        </test-method> <!-- testAjax -->
        <test-method status="PASS" signature="runCase()" name="runCase" duration-ms="7349" started-at="2020-06-07T04:48:31Z" finished-at="2020-06-07T04:48:39Z">
          <reporter-output>
          </reporter-output>
        </test-method> <!-- runCase -->
      </class> <!-- com.ai.dev.controller.TestcaseControllerTest -->
    </test> <!-- Surefire test -->
  </suite> <!-- Surefire suite -->
</testng-results>
