<?xml version="1.0" encoding="UTF-8"?>
<testsuite xmlns:xsi="http://www.w3.org/2001/XMLSchema-instance" xsi:noNamespaceSchemaLocation="https://maven.apache.org/surefire/maven-surefire-plugin/xsd/surefire-test-report.xsd" name="TestSuite" time="8.712" tests="4" errors="0" skipped="0" failures="0">
  <properties>
[...]
</properties>
  <testcase name="testAjax on testAjax(com.ai.dev.controller.TestcaseControllerTest)" classname="com.ai.dev.controller.TestcaseControllerTest" time="0.711"/>
  <testcase name="addHttpCase on addHttpCase(com.ai.dev.controller.TestcaseControllerTest)" classname="com.ai.dev.controller.TestcaseControllerTest" time="0.728"/>
  <testcase name="runCase on runCase(com.ai.dev.controller.TestcaseControllerTest)" classname="com.ai.dev.controller.TestcaseControllerTest" time="0.02"/>
  <testcase name="test_addTestcase on test_addTestcase(com.ai.dev.service.ITestcaseSvTest)" classname="com.ai.dev.service.ITestcaseSvTest" time="0.003"/>
</testsuite>