<?xml version="1.0" encoding="UTF-8"?>
<!-- Generated by org.testng.reporters.JUnitXMLReporter -->
<testsuite hostname="OldFaceLee.local" ignored="0" name="Command line test" tests="3" failures="0" timestamp="30 Mar 2020 16:08:28 GMT" time="0.012" errors="0">
  <testcase name="test01" time="0.007" classname="com.ai.dev.testng.testsuite.Testsuite"/>
  <testcase name="test02" time="0.0" classname="com.ai.dev.testng.testsuite.Testsuite"/>
  <testcase name="test03" time="0.0" classname="com.ai.dev.testng.testsuite.Testsuite"/>
</testsuite> <!-- Command line test -->
