<?xml version="1.0" encoding="UTF-8"?>
<testng-results skipped="0" failed="0" ignored="0" total="1" passed="1">
  <reporter-output>
  </reporter-output>
  <suite name="Command line suite" duration-ms="46" started-at="2020-05-26T15:56:13Z" finished-at="2020-05-26T15:56:13Z">
    <groups>
    </groups>
    <test name="Command line test" duration-ms="46" started-at="2020-05-26T15:56:13Z" finished-at="2020-05-26T15:56:13Z">
      <class name="com.ai.dev.testng.testsuite.TestNGRunCase">
        <test-method status="PASS" signature="runScript(java.lang.String)[pri:0, instance:com.ai.dev.testng.testsuite.TestNGRunCase@2a235b8e]" name="runScript" duration-ms="5" started-at="2020-05-26T15:56:13Z" data-provider="dp" finished-at="2020-05-26T15:56:13Z">
          <params>
            <param index="0">
              <value>
                <![CDATA[我是李二]]>
              </value>
            </param>
          </params>
          <reporter-output>
          </reporter-output>
        </test-method> <!-- runScript -->
      </class> <!-- com.ai.dev.testng.testsuite.TestNGRunCase -->
    </test> <!-- Command line test -->
  </suite> <!-- Command line suite -->
</testng-results>
